c:\users\lajos polya\documents\github\learnopengl\learnopengl\debug\vc140.pdb
c:\users\lajos polya\documents\github\learnopengl\learnopengl\debug\vc140.idb
c:\users\lajos polya\documents\github\learnopengl\learnopengl\debug\gameobjectimpl.nativecodeanalysis.xml
c:\users\lajos polya\documents\github\learnopengl\learnopengl\debug\instancedarraygameobjectimpl.nativecodeanalysis.xml
c:\users\lajos polya\documents\github\learnopengl\learnopengl\debug\instancedarraytransformimpl.nativecodeanalysis.xml
c:\users\lajos polya\documents\github\learnopengl\learnopengl\debug\instancedgameobjectimpl.nativecodeanalysis.xml
c:\users\lajos polya\documents\github\learnopengl\learnopengl\debug\instancedtransformimpl.nativecodeanalysis.xml
c:\users\lajos polya\documents\github\learnopengl\learnopengl\debug\learnopengl.nativecodeanalysis.xml
c:\users\lajos polya\documents\github\learnopengl\learnopengl\debug\lightscontainer.nativecodeanalysis.xml
c:\users\lajos polya\documents\github\learnopengl\learnopengl\debug\material.nativecodeanalysis.xml
c:\users\lajos polya\documents\github\learnopengl\learnopengl\debug\mesh.nativecodeanalysis.xml
c:\users\lajos polya\documents\github\learnopengl\learnopengl\debug\shader.nativecodeanalysis.xml
c:\users\lajos polya\documents\github\learnopengl\learnopengl\debug\texture.nativecodeanalysis.xml
c:\users\lajos polya\documents\github\learnopengl\learnopengl\debug\transformimpl.nativecodeanalysis.xml
c:\users\lajos polya\documents\github\learnopengl\learnopengl\debug\transparentgameobjectimpl.nativecodeanalysis.xml
c:\users\lajos polya\documents\github\learnopengl\learnopengl\debug\transparenttransformimpl.nativecodeanalysis.xml
c:\users\lajos polya\documents\github\learnopengl\learnopengl\debug\transparenttransformimpl.obj
c:\users\lajos polya\documents\github\learnopengl\learnopengl\debug\transparentgameobjectimpl.obj
c:\users\lajos polya\documents\github\learnopengl\learnopengl\debug\transformimpl.obj
c:\users\lajos polya\documents\github\learnopengl\learnopengl\debug\texture.obj
c:\users\lajos polya\documents\github\learnopengl\learnopengl\debug\shader.obj
c:\users\lajos polya\documents\github\learnopengl\learnopengl\debug\mesh.obj
c:\users\lajos polya\documents\github\learnopengl\learnopengl\debug\material.obj
c:\users\lajos polya\documents\github\learnopengl\learnopengl\debug\lightscontainer.obj
c:\users\lajos polya\documents\github\learnopengl\learnopengl\debug\learnopengl.obj
c:\users\lajos polya\documents\github\learnopengl\learnopengl\debug\instancedtransformimpl.obj
c:\users\lajos polya\documents\github\learnopengl\learnopengl\debug\instancedgameobjectimpl.obj
c:\users\lajos polya\documents\github\learnopengl\learnopengl\debug\instancedarraytransformimpl.obj
c:\users\lajos polya\documents\github\learnopengl\learnopengl\debug\instancedarraygameobjectimpl.obj
c:\users\lajos polya\documents\github\learnopengl\learnopengl\debug\gameobjectimpl.obj
c:\users\lajos polya\documents\github\learnopengl\debug\learnopengl.ilk
c:\users\lajos polya\documents\github\learnopengl\debug\learnopengl.exe
c:\users\lajos polya\documents\github\learnopengl\debug\learnopengl.pdb
c:\users\lajos polya\documents\github\learnopengl\learnopengl\debug\nativecodeanalysis.read.1.tlog
c:\users\lajos polya\documents\github\learnopengl\learnopengl\debug\vc.nativecodeanalysis.all.xml
c:\users\lajos polya\documents\github\learnopengl\debug\learnopengl.exe.lastcodeanalysissucceeded
c:\users\lajos polya\documents\github\learnopengl\learnopengl\debug\learnopengl.tlog\cl.command.1.tlog
c:\users\lajos polya\documents\github\learnopengl\learnopengl\debug\learnopengl.tlog\cl.read.1.tlog
c:\users\lajos polya\documents\github\learnopengl\learnopengl\debug\learnopengl.tlog\cl.write.1.tlog
c:\users\lajos polya\documents\github\learnopengl\learnopengl\debug\learnopengl.tlog\link.command.1.tlog
c:\users\lajos polya\documents\github\learnopengl\learnopengl\debug\learnopengl.tlog\link.read.1.tlog
c:\users\lajos polya\documents\github\learnopengl\learnopengl\debug\learnopengl.tlog\link.write.1.tlog
